Build started 09/02/2012 3:39:34 AM.
     1>Project "C:\Users\Samuel\COMP345\COMP345Assignments\COMP345Assignments\COMP345Assignments.vcxproj" on node 2 (build target(s)).
     1>PrepareForBuild:
         Creating directory "C:\Users\Samuel\COMP345\COMP345Assignments\Debug\".
       InitializeBuildStatus:
         Creating "Debug\COMP345Assignments.unsuccessfulbuild" because "AlwaysCreate" was specified.
       ClCompile:
         c:\Program Files (x86)\Microsoft Visual Studio 10.0\VC\bin\CL.exe /c /ZI /nologo /W3 /WX- /Od /Oy- /D _MBCS /Gm /EHsc /RTC1 /MDd /GS /fp:precise /Zc:wchar_t /Zc:forScope /Fo"Debug\\" /Fd"Debug\vc100.pdb" /Gd /TP /analyze- /errorReport:prompt BullyBuilder.cpp Character.cpp CharacterBuilder.cpp CharacterObserver.cpp Creator.cpp Dice.cpp Main.cpp NimbleBuilder.cpp TankBuilder.cpp
         TankBuilder.cpp
         NimbleBuilder.cpp
         Main.cpp
         Dice.cpp
         Creator.cpp
         CharacterObserver.cpp
         CharacterBuilder.cpp
         Character.cpp
     1>c:\users\samuel\comp345\comp345assignments\comp345assignments\character.cpp(214): warning C4018: '<' : signed/unsigned mismatch
         BullyBuilder.cpp
         Generating Code...
       Link:
         c:\Program Files (x86)\Microsoft Visual Studio 10.0\VC\bin\link.exe /ERRORREPORT:PROMPT /OUT:"C:\Users\Samuel\COMP345\COMP345Assignments\Debug\COMP345Assignments.exe" /NOLOGO kernel32.lib user32.lib gdi32.lib winspool.lib comdlg32.lib advapi32.lib shell32.lib ole32.lib oleaut32.lib uuid.lib odbc32.lib odbccp32.lib /MANIFEST /ManifestFile:"Debug\COMP345Assignments.exe.intermediate.manifest" /MANIFESTUAC:"level='asInvoker' uiAccess='false'" /DEBUG /PDB:"C:\Users\Samuel\COMP345\COMP345Assignments\Debug\COMP345Assignments.pdb" /TLBID:1 /DYNAMICBASE /NXCOMPAT /IMPLIB:"C:\Users\Samuel\COMP345\COMP345Assignments\Debug\COMP345Assignments.lib" /MACHINE:X86 Debug\BullyBuilder.obj
         Debug\Character.obj
         Debug\CharacterBuilder.obj
         Debug\CharacterObserver.obj
         Debug\Creator.obj
         Debug\Dice.obj
         Debug\Main.obj
         Debug\NimbleBuilder.obj
         Debug\TankBuilder.obj
         COMP345Assignments.vcxproj -> C:\Users\Samuel\COMP345\COMP345Assignments\Debug\COMP345Assignments.exe
       Manifest:
         C:\Program Files (x86)\Microsoft SDKs\Windows\v7.0A\bin\mt.exe /nologo /verbose /outputresource:"C:\Users\Samuel\COMP345\COMP345Assignments\Debug\COMP345Assignments.exe;#1" /manifest Debug\COMP345Assignments.exe.intermediate.manifest
       FinalizeBuildStatus:
         Deleting file "Debug\COMP345Assignments.unsuccessfulbuild".
         Touching "Debug\COMP345Assignments.lastbuildstate".
     1>Done Building Project "C:\Users\Samuel\COMP345\COMP345Assignments\COMP345Assignments\COMP345Assignments.vcxproj" (build target(s)).

Build succeeded.

Time Elapsed 00:00:03.91
